<?xml version="1.0" encoding="UTF-8"?>
<!-- Generated by org.testng.reporters.JUnitXMLReporter -->
<testsuite ignored="0" hostname="DESKTOP-R646QC9" failures="0" tests="3" name="Default test" time="57.854" errors="0" timestamp="2024-09-30T15:51:44 IST">
  <testcase classname="baseclassimplementation.CreateContactTest" name="createContactTest" time="10.034"/>
  <testcase classname="baseclassimplementation.CreateContactTest" name="createcontactWithOrgTest" time="20.436"/>
  <testcase classname="baseclassimplementation.CreateContactTest" name="createcontactwithSupportDateTest" time="9.575"/>
</testsuite> <!-- Default test -->
