<?xml version="1.0" encoding="UTF-8"?>
<testng-results ignored="0" total="3" passed="3" failed="0" skipped="0">
  <reporter-output>
  </reporter-output>
  <suite started-at="2024-09-30T15:50:46 IST" name="Default suite" finished-at="2024-09-30T15:51:44 IST" duration-ms="57854">
    <groups>
      <group name="regression">
        <method signature="CreateContactTest.createcontactWithOrgTest()[pri:0, instance:baseclassimplementation.CreateContactTest@77888435]" name="createcontactWithOrgTest" class="baseclassimplementation.CreateContactTest"/>
        <method signature="CreateContactTest.createcontactwithSupportDateTest()[pri:0, instance:baseclassimplementation.CreateContactTest@77888435]" name="createcontactwithSupportDateTest" class="baseclassimplementation.CreateContactTest"/>
      </group> <!-- regression -->
      <group name="smokeTest">
        <method signature="CreateContactTest.createContactTest()[pri:0, instance:baseclassimplementation.CreateContactTest@77888435]" name="createContactTest" class="baseclassimplementation.CreateContactTest"/>
      </group> <!-- smokeTest -->
    </groups>
    <test started-at="2024-09-30T15:50:46 IST" name="Default test" finished-at="2024-09-30T15:51:44 IST" duration-ms="57854">
      <class name="baseclassimplementation.CreateContactTest">
        <test-method is-config="true" signature="configBS()[pri:0, instance:baseclassimplementation.CreateContactTest@77888435]" started-at="2024-09-30T15:50:46 IST" name="configBS" finished-at="2024-09-30T15:50:46 IST" duration-ms="31" status="PASS">
          <reporter-output>
          </reporter-output>
        </test-method> <!-- configBS -->
        <test-method is-config="true" signature="configBC()[pri:0, instance:baseclassimplementation.CreateContactTest@77888435]" started-at="2024-09-30T15:50:46 IST" name="configBC" finished-at="2024-09-30T15:50:47 IST" duration-ms="1417" status="PASS">
          <reporter-output>
          </reporter-output>
        </test-method> <!-- configBC -->
        <test-method is-config="true" signature="configBM()[pri:0, instance:baseclassimplementation.CreateContactTest@77888435]" started-at="2024-09-30T15:50:47 IST" name="configBM" finished-at="2024-09-30T15:50:51 IST" duration-ms="4065" status="PASS">
          <reporter-output>
          </reporter-output>
        </test-method> <!-- configBM -->
        <test-method signature="createContactTest()[pri:0, instance:baseclassimplementation.CreateContactTest@77888435]" started-at="2024-09-30T15:50:51 IST" name="createContactTest" finished-at="2024-09-30T15:51:01 IST" duration-ms="10034" status="PASS">
          <reporter-output>
          </reporter-output>
        </test-method> <!-- createContactTest -->
        <test-method is-config="true" signature="configAM()[pri:0, instance:baseclassimplementation.CreateContactTest@77888435]" started-at="2024-09-30T15:51:01 IST" name="configAM" finished-at="2024-09-30T15:51:03 IST" duration-ms="1903" status="PASS">
          <reporter-output>
          </reporter-output>
        </test-method> <!-- configAM -->
        <test-method is-config="true" signature="configBM()[pri:0, instance:baseclassimplementation.CreateContactTest@77888435]" started-at="2024-09-30T15:51:03 IST" name="configBM" finished-at="2024-09-30T15:51:07 IST" duration-ms="3604" status="PASS">
          <reporter-output>
          </reporter-output>
        </test-method> <!-- configBM -->
        <test-method signature="createcontactWithOrgTest()[pri:0, instance:baseclassimplementation.CreateContactTest@77888435]" started-at="2024-09-30T15:51:07 IST" name="createcontactWithOrgTest" finished-at="2024-09-30T15:51:27 IST" duration-ms="20436" status="PASS">
          <reporter-output>
          </reporter-output>
        </test-method> <!-- createcontactWithOrgTest -->
        <test-method is-config="true" signature="configAM()[pri:0, instance:baseclassimplementation.CreateContactTest@77888435]" started-at="2024-09-30T15:51:27 IST" name="configAM" finished-at="2024-09-30T15:51:29 IST" duration-ms="1789" status="PASS">
          <reporter-output>
          </reporter-output>
        </test-method> <!-- configAM -->
        <test-method is-config="true" signature="configBM()[pri:0, instance:baseclassimplementation.CreateContactTest@77888435]" started-at="2024-09-30T15:51:29 IST" name="configBM" finished-at="2024-09-30T15:51:32 IST" duration-ms="3110" status="PASS">
          <reporter-output>
          </reporter-output>
        </test-method> <!-- configBM -->
        <test-method signature="createcontactwithSupportDateTest()[pri:0, instance:baseclassimplementation.CreateContactTest@77888435]" started-at="2024-09-30T15:51:32 IST" name="createcontactwithSupportDateTest" finished-at="2024-09-30T15:51:42 IST" duration-ms="9575" status="PASS">
          <reporter-output>
          </reporter-output>
        </test-method> <!-- createcontactwithSupportDateTest -->
        <test-method is-config="true" signature="configAM()[pri:0, instance:baseclassimplementation.CreateContactTest@77888435]" started-at="2024-09-30T15:51:42 IST" name="configAM" finished-at="2024-09-30T15:51:43 IST" duration-ms="1598" status="PASS">
          <reporter-output>
          </reporter-output>
        </test-method> <!-- configAM -->
        <test-method is-config="true" signature="configAC()[pri:0, instance:baseclassimplementation.CreateContactTest@77888435]" started-at="2024-09-30T15:51:43 IST" name="configAC" finished-at="2024-09-30T15:51:44 IST" duration-ms="270" status="PASS">
          <reporter-output>
          </reporter-output>
        </test-method> <!-- configAC -->
        <test-method is-config="true" signature="configAS()[pri:0, instance:baseclassimplementation.CreateContactTest@77888435]" started-at="2024-09-30T15:51:44 IST" name="configAS" finished-at="2024-09-30T15:51:44 IST" duration-ms="0" status="PASS">
          <reporter-output>
          </reporter-output>
        </test-method> <!-- configAS -->
      </class> <!-- baseclassimplementation.CreateContactTest -->
    </test> <!-- Default test -->
  </suite> <!-- Default suite -->
</testng-results>
